<?xml version="1.0" encoding="UTF-8"?>
<!-- Generated by org.testng.reporters.JUnitReportReporter -->
<testsuite hostname="DESKTOP-2F30NUD" failures="0" tests="1" name="testCases.TC002_LoginTest" time="2.427" errors="0" timestamp="2025-07-24T20:34:24 BST" skipped="0">
  <testcase classname="testCases.TC002_LoginTest" name="verify_login" time="2.427"/>
</testsuite> <!-- testCases.TC002_LoginTest -->
